0 info it worked if it ends with ok
1 verbose cli [ 'C:\\Program Files\\nodejs\\node.exe',
1 verbose cli   'C:\\Program Files\\nodejs\\node_modules\\npm\\bin\\npm-cli.js',
1 verbose cli   'run-script',
1 verbose cli   'debug' ]
2 info using npm@4.0.5
3 info using node@v7.4.0
4 verbose run-script [ 'predebug', 'debug', 'postdebug' ]
5 info lifecycle the-store@1.0.0~predebug: the-store@1.0.0
6 silly lifecycle the-store@1.0.0~predebug: no script for predebug, continuing
7 info lifecycle the-store@1.0.0~debug: the-store@1.0.0
8 verbose lifecycle the-store@1.0.0~debug: unsafe-perm in lifecycle true
9 verbose lifecycle the-store@1.0.0~debug: PATH: C:\Program Files\nodejs\node_modules\npm\bin\node-gyp-bin;c:\Users\Jake\Source\trash\the-store\node_modules\.bin;C:\ProgramData\Oracle\Java\javapath;C:\WINDOWS\system32;C:\WINDOWS;C:\WINDOWS\System32\Wbem;C:\WINDOWS\System32\WindowsPowerShell\v1.0\;C:\Program Files\Microsoft SQL Server\Client SDK\ODBC\110\Tools\Binn\;C:\Program Files (x86)\Microsoft SQL Server\120\Tools\Binn\;C:\Program Files\Microsoft SQL Server\120\Tools\Binn\;C:\Program Files\Microsoft SQL Server\120\DTS\Binn\;C:\Program Files\Microsoft\Web Platform Installer\;C:\Program Files (x86)\Git\cmd;C:\Program Files (x86)\Git\bin;C:\Program Files (x86)\Microsoft VS Code\bin;C:\Program Files (x86)\Heroku\bin;C:\Program Files (x86)\git\cmd;C:\Program Files (x86)\LINQPad5;C:\Program Files (x86)\Microsoft SQL Server\130\Tools\Binn\ManagementStudio\;C:\Program Files (x86)\Microsoft SQL Server\130\Tools\Binn\;C:\Program Files (x86)\Microsoft SQL Server\Client SDK\ODBC\110\Tools\Binn\;C:\Program Files (x86)\Microsoft SQL Server\130\DTS\Binn\;C:\Program Files (x86)\GtkSharp\2.12\bin;C:\Program Files\Git\cmd;C:\Program Files\Git\mingw64\bin;C:\Program Files\Git\usr\bin;C:\Program Files (x86)\Brackets\command;C:\Users\Jake\.dnx\bin;C:\Program Files\Microsoft DNX\Dnvm\;C:\Program Files\Microsoft SQL Server\130\Tools\Binn\;C:\Program Files (x86)\Microsoft Emulator Manager\1.0\;C:\Program Files\dotnet\;C:\Program Files (x86)\Windows Kits\10\Windows Performance Toolkit\;C:\Program Files (x86)\NVIDIA Corporation\PhysX\Common;C:\Program Files\nodejs\;C:\Users\Jake\.dnx\runtimes\dnx-clr-win-x86.1.0.0-rc1-update1\bin;C:\Users\Jake\.dnx\bin;C:\Program Files\MongoDB\Server\3.0\bin;C:\Program Files (x86)\Microsoft VS Code\bin;C:\Users\Jake\AppData\Local\Microsoft\WindowsApps;C:\Users\Jake\AppData\Roaming\npm
10 verbose lifecycle the-store@1.0.0~debug: CWD: c:\Users\Jake\Source\trash\the-store
11 silly lifecycle the-store@1.0.0~debug: Args: [ '/d /s /c', 'babel-node --presets es2015 --debug index.js' ]
12 silly lifecycle the-store@1.0.0~debug: Returned: code: 1  signal: null
13 info lifecycle the-store@1.0.0~debug: Failed to exec debug script
14 verbose stack Error: the-store@1.0.0 debug: `babel-node --presets es2015 --debug index.js`
14 verbose stack Exit status 1
14 verbose stack     at EventEmitter.<anonymous> (C:\Program Files\nodejs\node_modules\npm\lib\utils\lifecycle.js:279:16)
14 verbose stack     at emitTwo (events.js:106:13)
14 verbose stack     at EventEmitter.emit (events.js:191:7)
14 verbose stack     at ChildProcess.<anonymous> (C:\Program Files\nodejs\node_modules\npm\lib\utils\spawn.js:40:14)
14 verbose stack     at emitTwo (events.js:106:13)
14 verbose stack     at ChildProcess.emit (events.js:191:7)
14 verbose stack     at maybeClose (internal/child_process.js:885:16)
14 verbose stack     at Process.ChildProcess._handle.onexit (internal/child_process.js:226:5)
15 verbose pkgid the-store@1.0.0
16 verbose cwd c:\Users\Jake\Source\trash\the-store
17 error Windows_NT 10.0.14393
18 error argv "C:\\Program Files\\nodejs\\node.exe" "C:\\Program Files\\nodejs\\node_modules\\npm\\bin\\npm-cli.js" "run-script" "debug"
19 error node v7.4.0
20 error npm  v4.0.5
21 error code ELIFECYCLE
22 error the-store@1.0.0 debug: `babel-node --presets es2015 --debug index.js`
22 error Exit status 1
23 error Failed at the the-store@1.0.0 debug script 'babel-node --presets es2015 --debug index.js'.
23 error Make sure you have the latest version of node.js and npm installed.
23 error If you do, this is most likely a problem with the the-store package,
23 error not with npm itself.
23 error Tell the author that this fails on your system:
23 error     babel-node --presets es2015 --debug index.js
23 error You can get information on how to open an issue for this project with:
23 error     npm bugs the-store
23 error Or if that isn't available, you can get their info via:
23 error     npm owner ls the-store
23 error There is likely additional logging output above.
24 verbose exit [ 1, true ]
